#
# There is insufficient memory for the Java Runtime Environment to continue.
# Native memory allocation (mmap) failed to map 65011712 bytes for G1 virtual space
# Possible reasons:
#   The system is out of physical RAM or swap space
#   The process is running with CompressedOops enabled, and the Java Heap may be blocking the growth of the native heap
# Possible solutions:
#   Reduce memory load on the system
#   Increase physical memory or swap space
#   Check if swap backing store is full
#   Decrease Java heap size (-Xmx/-Xms)
#   Decrease number of Java threads
#   Decrease Java thread stack sizes (-Xss)
#   Set larger code cache with -XX:ReservedCodeCacheSize=
#   JVM is running with Unscaled Compressed Oops mode in which the Java heap is
#     placed in the first 4GB address space. The Java Heap base address is the
#     maximum limit for the native heap growth. Please use -XX:HeapBaseMinAddress
#     to set the Java Heap base and to place the Java Heap above 4GB virtual address.
# This output file may be truncated or incomplete.
#
#  Out of Memory Error (os_windows.cpp:3527), pid=2340, tid=12548
#
# JRE version:  (19.0.1+10) (build )
# Java VM: Java HotSpot(TM) 64-Bit Server VM (19.0.1+10-21, mixed mode, sharing, tiered, compressed oops, compressed class ptrs, g1 gc, windows-amd64)
# No core dump will be written. Minidumps are not enabled by default on client versions of Windows
#

---------------  S U M M A R Y ------------

Command Line: -Dfile.encoding=UTF-8 --module-path=C:\Users\Mahesh Umachagi\Documents\NetBeansProjects\Cafe Management System\build\classes cafe.management.system.ManageCategory

Host: Intel(R) Core(TM) i5-10210U CPU @ 1.60GHz, 8 cores, 3G,  Windows 11 , 64 bit Build 22000 (10.0.22000.1335)
Time: Wed Jan 11 21:54:29 2023 India Standard Time elapsed time: 0.037785 seconds (0d 0h 0m 0s)

---------------  T H R E A D  ---------------

Current thread (0x000001ad6849cdb0):  JavaThread "Unknown thread" [_thread_in_vm, id=12548, stack(0x0000004c10000000,0x0000004c10100000)]

Stack: [0x0000004c10000000,0x0000004c10100000]
Native frames: (J=compiled Java code, j=interpreted, Vv=VM code, C=native code)
V  [jvm.dll+0x6ee8fa]
V  [jvm.dll+0x857a1e]
V  [jvm.dll+0x85940e]
V  [jvm.dll+0x859ac3]
V  [jvm.dll+0x28291f]
V  [jvm.dll+0x6eb6e9]
V  [jvm.dll+0x6e028a]
V  [jvm.dll+0x357136]
V  [jvm.dll+0x35eb96]
V  [jvm.dll+0x3b555e]
V  [jvm.dll+0x3b578f]
V  [jvm.dll+0x32c6ea]
V  [jvm.dll+0x32d59e]
V  [jvm.dll+0x821b20]
V  [jvm.dll+0x3c27c1]
V  [jvm.dll+0x8022f1]
V  [jvm.dll+0x44b30f]
V  [jvm.dll+0x44cc91]
C  [jli.dll+0x5287]
C  [ucrtbase.dll+0x26c0c]
C  [KERNEL32.DLL+0x155a0]
C  [ntdll.dll+0x485b]


---------------  P R O C E S S  ---------------

Threads class SMR info:
_java_thread_list=0x00007ffa715dd048, length=0, elements={
}

Java Threads: ( => current thread )

Other Threads:
  0x000001ad684de590 WorkerThread "GC Thread#0" [stack: 0x0000004c10100000,0x0000004c10200000] [id=23976]
  0x000001ad684e7990 ConcurrentGCThread "G1 Main Marker" [stack: 0x0000004c10200000,0x0000004c10300000] [id=27268]
  0x000001ad684e83c0 WorkerThread "G1 Conc#0" [stack: 0x0000004c10300000,0x0000004c10400000] [id=18504]

[error occurred during error reporting (printing all threads), id 0xc0000005, EXCEPTION_ACCESS_VIOLATION (0xc0000005) at pc=0x00007ffa70d9d127]

VM state: not at safepoint (not fully initialized)

VM Mutex/Monitor currently owned by a thread:  ([mutex/lock_event])
[0x000001ad68498e40] Heap_lock - owner thread: 0x000001ad6849cdb0

Heap address: 0x00000000c3000000, size: 976 MB, Compressed Oops mode: 32-bit

CDS archive(s) mapped at: [0x0000000000000000-0x0000000000000000-0x0000000000000000), size 0, SharedBaseAddress: 0x0000000800000000, ArchiveRelocationMode: 0.
Narrow klass base: 0x0000000000000000, Narrow klass shift: 0, Narrow klass range: 0x0

GC Precious Log:
 CardTable entry size: 512
 Card Set container configuration: InlinePtr #cards 5 size 8 Array Of Cards #cards 12 size 40 Howl #buckets 4 coarsen threshold 1843 Howl Bitmap #cards 512 size 80 coarsen threshold 460 Card regions per heap region 1 cards per card region 2048

Heap:
 garbage-first heap   total 0K, used 0K [0x00000000c3000000, 0x0000000100000000)
  region size 1024K, 0 young (0K), 0 survivors (0K)

[error occurred during error reporting (printing heap information), id 0xc0000005, EXCEPTION_ACCESS_VIOLATION (0xc0000005) at pc=0x00007ffa711a6959]

GC Heap History (0 events):
No events

Dll operation events (1 events):
Event: 0.023 Loaded shared library C:\Program Files\Java\jdk-19\bin\java.dll

Deoptimization events (0 events):
No events

Classes loaded (0 events):
No events

Classes unloaded (0 events):
No events

Classes redefined (0 events):
No events

Internal exceptions (0 events):
No events

VM Operations (0 events):
No events

Events (0 events):
No events


Dynamic libraries:
0x00007ff69a4c0000 - 0x00007ff69a4d0000 	C:\Program Files\Java\jdk-19\bin\java.exe
0x00007ffb074e0000 - 0x00007ffb076e9000 	C:\WINDOWS\SYSTEM32\ntdll.dll
0x00007ffb053a0000 - 0x00007ffb0545e000 	C:\WINDOWS\System32\KERNEL32.DLL
0x00007ffb04f20000 - 0x00007ffb0529b000 	C:\WINDOWS\System32\KERNELBASE.dll
0x00007ffb04ce0000 - 0x00007ffb04df1000 	C:\WINDOWS\System32\ucrtbase.dll
0x00007ffaeb9f0000 - 0x00007ffaeba0b000 	C:\Program Files\Java\jdk-19\bin\VCRUNTIME140.dll
0x00007ffaec7f0000 - 0x00007ffaec808000 	C:\Program Files\Java\jdk-19\bin\jli.dll
0x00007ffb05bb0000 - 0x00007ffb05c5e000 	C:\WINDOWS\System32\ADVAPI32.dll
0x00007ffb05700000 - 0x00007ffb057a3000 	C:\WINDOWS\System32\msvcrt.dll
0x00007ffb06de0000 - 0x00007ffb06e7e000 	C:\WINDOWS\System32\sechost.dll
0x00007ffb059c0000 - 0x00007ffb05ae0000 	C:\WINDOWS\System32\RPCRT4.dll
0x00007ffb057b0000 - 0x00007ffb0595d000 	C:\WINDOWS\System32\USER32.dll
0x00007ffb049b0000 - 0x00007ffb049d6000 	C:\WINDOWS\System32\win32u.dll
0x00007ffae01c0000 - 0x00007ffae0465000 	C:\WINDOWS\WinSxS\amd64_microsoft.windows.common-controls_6595b64144ccf1df_6.0.22000.120_none_9d947278b86cc467\COMCTL32.dll
0x00007ffb06f10000 - 0x00007ffb06f39000 	C:\WINDOWS\System32\GDI32.dll
0x00007ffb04bc0000 - 0x00007ffb04cd8000 	C:\WINDOWS\System32\gdi32full.dll
0x00007ffb04e00000 - 0x00007ffb04e9d000 	C:\WINDOWS\System32\msvcp_win.dll
0x00007ffaff140000 - 0x00007ffaff14a000 	C:\WINDOWS\SYSTEM32\VERSION.dll
0x00007ffb05360000 - 0x00007ffb05392000 	C:\WINDOWS\System32\IMM32.DLL
0x00007ffaff8b0000 - 0x00007ffaff8bc000 	C:\Program Files\Java\jdk-19\bin\vcruntime140_1.dll
0x00007ffaeb310000 - 0x00007ffaeb39e000 	C:\Program Files\Java\jdk-19\bin\msvcp140.dll
0x00007ffa70a60000 - 0x00007ffa71720000 	C:\Program Files\Java\jdk-19\bin\server\jvm.dll
0x00007ffaff080000 - 0x00007ffaff0b3000 	C:\WINDOWS\SYSTEM32\WINMM.dll
0x00007ffb01680000 - 0x00007ffb01689000 	C:\WINDOWS\SYSTEM32\WSOCK32.dll
0x00007ffb063f0000 - 0x00007ffb0645f000 	C:\WINDOWS\System32\WS2_32.dll
0x00007ffb039f0000 - 0x00007ffb03a08000 	C:\WINDOWS\SYSTEM32\kernel.appcore.dll
0x00007ffaec050000 - 0x00007ffaec05a000 	C:\Program Files\Java\jdk-19\bin\jimage.dll
0x00007ffb02470000 - 0x00007ffb02691000 	C:\WINDOWS\SYSTEM32\DBGHELP.DLL
0x00007ffae6780000 - 0x00007ffae67b1000 	C:\WINDOWS\SYSTEM32\dbgcore.DLL
0x00007ffb04ea0000 - 0x00007ffb04f1f000 	C:\WINDOWS\System32\bcryptPrimitives.dll
0x00007ffaeb3c0000 - 0x00007ffaeb3e6000 	C:\Program Files\Java\jdk-19\bin\java.dll

dbghelp: loaded successfully - version: 4.0.5 - missing functions: none
symbol engine: initialized successfully - sym options: 0x614 - pdb path: .;C:\Program Files\Java\jdk-19\bin;C:\WINDOWS\SYSTEM32;C:\WINDOWS\WinSxS\amd64_microsoft.windows.common-controls_6595b64144ccf1df_6.0.22000.120_none_9d947278b86cc467;C:\Program Files\Java\jdk-19\bin\server

VM Arguments:
jvm_args: -Dfile.encoding=UTF-8 --module-path=C:\Users\Mahesh Umachagi\Documents\NetBeansProjects\Cafe Management System\build\classes 
java_command: cafe.management.system.ManageCategory
java_class_path (initial): C:\Users\Mahesh Umachagi\Documents\NetBeansProjects\Cafe Management System\lib\absolutelayout\AbsoluteLayout.jar;C:\Users\Mahesh Umachagi\Documents\NetBeansProjects\Cafe Management System\lib\MySqlConnectorJars;C:\Users\Mahesh Umachagi\Documents\NetBeansProjects\Cafe Management System\lib\mysql-connector-j-8.0.31.jar;C:\Users\Mahesh Umachagi\Documents\NetBeansProjects\Cafe Management System\lib\itextpdf-5.5.9.jar;C:\Users\Mahesh Umachagi\Documents\NetBeansProjects\Cafe Management System\build\classes
Launcher Type: SUN_STANDARD

[Global flags]
     intx CICompilerCount                          = 4                                         {product} {ergonomic}
     uint ConcGCThreads                            = 2                                         {product} {ergonomic}
     uint G1ConcRefinementThreads                  = 8                                         {product} {ergonomic}
   size_t G1HeapRegionSize                         = 1048576                                   {product} {ergonomic}
    uintx GCDrainStackTargetSize                   = 64                                        {product} {ergonomic}
   size_t InitialHeapSize                          = 65011712                                  {product} {ergonomic}
   size_t MarkStackSize                            = 4194304                                   {product} {ergonomic}
   size_t MaxHeapSize                              = 1023410176                                {product} {ergonomic}
   size_t MinHeapDeltaBytes                        = 1048576                                   {product} {ergonomic}
   size_t MinHeapSize                              = 8388608                                   {product} {ergonomic}
    uintx NonNMethodCodeHeapSize                   = 5839372                                {pd product} {ergonomic}
    uintx NonProfiledCodeHeapSize                  = 122909434                              {pd product} {ergonomic}
    uintx ProfiledCodeHeapSize                     = 122909434                              {pd product} {ergonomic}
    uintx ReservedCodeCacheSize                    = 251658240                              {pd product} {ergonomic}
     bool SegmentedCodeCache                       = true                                      {product} {ergonomic}
   size_t SoftMaxHeapSize                          = 1023410176                             {manageable} {ergonomic}
     bool UseCompressedClassPointers               = true                           {product lp64_product} {ergonomic}
     bool UseCompressedOops                        = true                           {product lp64_product} {ergonomic}
     bool UseG1GC                                  = true                                      {product} {ergonomic}
     bool UseLargePagesIndividualAllocation        = false                                  {pd product} {ergonomic}

Logging:
Log output configuration:
 #0: stdout all=warning uptime,level,tags foldmultilines=false
 #1: stderr all=off uptime,level,tags foldmultilines=false

Environment Variables:
JAVA_HOME=C:\Program Files\Java\jdk-19\bin
PATH=C:\Program Files\Common Files\Oracle\Java\javapath;C:\WINDOWS\system32;C:\WINDOWS;C:\WINDOWS\System32\Wbem;C:\WINDOWS\System32\WindowsPowerShell\v1.0\;C:\WINDOWS\System32\OpenSSH\;C:\MinGW\bin;C:\Program Files\nodejs\;C:\Users\mahes\AppData\Local\Programs\Git\bin;C:\Users\mahes\AppData\Local\Programs\Git\cmd;C:\Program Files\MongoDB\Server\5.0\bin;C:\Program Files\MongoDB\Server\4.4\bin;C:\Program Files\Java\jdk-19\bin;C:\Program Files\MySQL\MySQL Server 8.0\bin;C:\Program Files\MySQL\MySQL Shell 8.0\bin\;C:\Users\Mahesh Umachagi\AppData\Local\Microsoft\WindowsApps;C:\Program Files\MongoDB\Server\5.0\bin;C:\Program Files\MongoDB\Server\5.0\bin;
USERNAME=Sneha Umachagi
OS=Windows_NT
PROCESSOR_IDENTIFIER=Intel64 Family 6 Model 142 Stepping 12, GenuineIntel
TMP=C:\Users\MAHESH~1\AppData\Local\Temp
TEMP=C:\Users\MAHESH~1\AppData\Local\Temp



---------------  S Y S T E M  ---------------

OS:
 Windows 11 , 64 bit Build 22000 (10.0.22000.1335)
OS uptime: 8 days 3:34 hours
Hyper-V role detected

CPU: total 8 (initial active 8) (4 cores per cpu, 2 threads per core) family 6 model 142 stepping 12 microcode 0xea, cx8, cmov, fxsr, ht, mmx, 3dnowpref, sse, sse2, sse3, ssse3, sse4.1, sse4.2, popcnt, lzcnt, tsc, tscinvbit, avx, avx2, aes, erms, clmul, bmi1, bmi2, adx, fma, vzeroupper, clflush, clflushopt, hv, rdtscp

Memory: 4k page, system-wide physical 3899M (236M free)
TotalPageFile size 15675M (AvailPageFile size 38M)
current process WorkingSet (physical memory assigned to process): 10M, peak: 10M
current process commit charge ("private bytes"): 60M, peak: 121M

vm_info: Java HotSpot(TM) 64-Bit Server VM (19.0.1+10-21) for windows-amd64 JRE (19.0.1+10-21), built on 2022-09-14T12:45:06Z by "mach5one" with MS VC++ 17.1 (VS2022)

END.
